2018-02-04 11:21:06,836 - stacking.py:222 - stack - X_train.shape=(40307, 315), X_test.shape=(10076, 315)
2018-02-04 11:21:06,987 - stacking.py:89 - stack - Training model 1/3, pass 2.86102294922e-06s.
2018-02-04 11:30:31,379 - stacking.py:101 - stack - Fished fold 1/5, auc=0.9704593
2018-02-04 11:38:45,975 - stacking.py:101 - stack - Fished fold 2/5, auc=0.9699564
2018-02-04 11:44:32,568 - stacking.py:101 - stack - Fished fold 3/5, auc=0.9686345
2018-02-04 11:51:56,881 - stacking.py:101 - stack - Fished fold 4/5, auc=0.9693409
2018-02-04 11:59:17,559 - stacking.py:101 - stack - Fished fold 5/5, auc=0.9689619
2018-02-04 11:59:17,695 - stacking.py:89 - stack - Training model 2/3, pass 2290.70777082s.
2018-02-04 11:59:54,420 - stacking.py:101 - stack - Fished fold 1/5, auc=0.969868793008
2018-02-04 12:00:39,916 - stacking.py:101 - stack - Fished fold 2/5, auc=0.970005956542
2018-02-04 12:01:21,344 - stacking.py:101 - stack - Fished fold 3/5, auc=0.968697041538
2018-02-04 12:02:01,643 - stacking.py:101 - stack - Fished fold 4/5, auc=0.969408852702
2018-02-04 12:02:31,054 - stacking.py:101 - stack - Fished fold 5/5, auc=0.968267290305
2018-02-04 12:02:31,162 - stacking.py:89 - stack - Training model 3/3, pass 2484.17463398s.
2018-02-04 12:21:37,917 - stacking.py:101 - stack - Fished fold 1/5, auc=0.96852687719
2018-02-04 12:40:24,278 - stacking.py:101 - stack - Fished fold 2/5, auc=0.967643127468
2018-02-04 12:59:33,210 - stacking.py:101 - stack - Fished fold 3/5, auc=0.967293523123
2018-02-04 13:18:15,157 - stacking.py:101 - stack - Fished fold 4/5, auc=0.968485972112
2018-02-04 13:38:00,422 - stacking.py:101 - stack - Fished fold 5/5, auc=0.967258228495
2018-02-04 13:38:01,021 - stacking.py:115 - stack - X_train_stack.shape=(40307, 3), X_test_stack.shape=(10076, 3)
2018-02-04 13:38:01,028 - stacking.py:120 - stack - Finished stacking, saved the features to features/stack_feat.npz
2018-02-04 13:38:32,042 - stacking.py:198 - stack - Final fit: param_grids is: {'C': [0.0001, 0.10110909090909091, 0.20211818181818181, 0.30312727272727269, 0.40413636363636363, 0.50514545454545456, 0.60615454545454539, 0.70716363636363633, 0.80817272727272726, 0.9091818181818182, 1.0101909090909091, 1.1112, 1.2122090909090908, 1.3132181818181818, 1.4142272727272727, 1.5152363636363637, 1.6162454545454545, 1.7172545454545454, 1.8182636363636364, 1.9192727272727272, 2.0202818181818185, 2.1212909090909093, 2.2223000000000002, 2.323309090909091, 2.4243181818181818, 2.5253272727272731, 2.6263363636363639, 2.7273454545454547, 2.8283545454545456, 2.9293636363636364, 3.0303727272727277, 3.1313818181818185, 3.2323909090909093, 3.3334000000000001, 3.434409090909091, 3.5354181818181822, 3.6364272727272731, 3.7374363636363639, 3.8384454545454547, 3.9394545454545455, 4.0404636363636364, 4.1414727272727268, 4.242481818181818, 4.3434909090909093, 4.4444999999999997, 4.5455090909090909, 4.6465181818181813, 4.7475272727272726, 4.848536363636363, 4.9495454545454542, 5.0505545454545455, 5.1515636363636359, 5.2525727272727272, 5.3535818181818176, 5.4545909090909088, 5.5556000000000001, 5.6566090909090905, 5.7576181818181817, 5.8586272727272721, 5.9596363636363634, 6.0606454545454547, 6.1616545454545451, 6.2626636363636363, 6.3636727272727267, 6.464681818181818, 6.5656909090909092, 6.6666999999999996, 6.7677090909090909, 6.8687181818181813, 6.9697272727272725, 7.0707363636363638, 7.1717454545454542, 7.2727545454545455, 7.3737636363636359, 7.4747727272727271, 7.5757818181818184, 7.6767909090909088, 7.7778, 7.8788090909090904, 7.9798181818181817, 8.080827272727273, 8.1818363636363642, 8.2828454545454537, 8.383854545454545, 8.4848636363636363, 8.5858727272727275, 8.6868818181818188, 8.7878909090909083, 8.8888999999999996, 8.9899090909090908, 9.0909181818181821, 9.1919272727272734, 9.2929363636363629, 9.3939454545454542, 9.4949545454545454, 9.5959636363636367, 9.6969727272727262, 9.7979818181818175, 9.8989909090909087, 10.0]};
 best_param is {'C': 0.10110909090909091};
 best cv_score is 0.971078940133;
 best_estimator is LogisticRegression(C=0.10110909090909091, class_weight=None, dual=False,
          fit_intercept=True, intercept_scaling=1, max_iter=200,
          multi_class='ovr', n_jobs=1, penalty='l2', random_state=None,
          solver='liblinear', tol=0.0001, verbose=0, warm_start=False)
2018-02-04 20:00:42,927 - stacking.py:222 - stack - X_train.shape=(40307, 251), X_test.shape=(10076, 251)
2018-02-04 20:00:43,051 - stacking.py:89 - stack - Training model 1/3, pass 3.09944152832e-06s.
2018-02-04 20:39:17,104 - stacking.py:101 - stack - Fished fold 1/5, auc=0.9700907
2018-02-04 21:12:05,612 - stacking.py:101 - stack - Fished fold 2/5, auc=0.9699837
2018-02-04 21:18:12,187 - stacking.py:101 - stack - Fished fold 3/5, auc=0.9702692
2018-02-04 21:26:25,147 - stacking.py:101 - stack - Fished fold 4/5, auc=0.9702177
2018-02-04 21:32:44,230 - stacking.py:228 - stack - X_train.shape=(40307, 251), X_test.shape=(10076, 251)
2018-02-04 21:32:44,352 - stacking.py:89 - stack - Training model 1/12, pass 2.86102294922e-06s.
2018-02-04 21:42:47,140 - stacking.py:101 - stack - Fished fold 1/5, auc=0.969879
2018-02-04 21:50:34,543 - stacking.py:101 - stack - Fished fold 2/5, auc=0.9704162
2018-02-04 22:27:09,282 - stacking.py:101 - stack - Fished fold 3/5, auc=0.9695542
2018-02-04 22:58:33,236 - stacking.py:101 - stack - Fished fold 4/5, auc=0.9684433
2018-02-04 23:32:57,634 - stacking.py:101 - stack - Fished fold 5/5, auc=0.9696887
2018-02-04 23:32:57,873 - stacking.py:89 - stack - Training model 2/12, pass 7213.52140999s.
2018-02-05 00:01:17,733 - stacking.py:101 - stack - Fished fold 1/5, auc=0.9698914
2018-02-05 00:33:26,231 - stacking.py:101 - stack - Fished fold 2/5, auc=0.970459
2018-02-05 01:03:47,422 - stacking.py:101 - stack - Fished fold 3/5, auc=0.9693061
2018-02-05 01:36:43,394 - stacking.py:101 - stack - Fished fold 4/5, auc=0.9684748
2018-02-05 02:04:12,617 - stacking.py:101 - stack - Fished fold 5/5, auc=0.9696867
2018-02-05 02:04:12,807 - stacking.py:89 - stack - Training model 3/12, pass 16288.455828s.
2018-02-05 02:47:23,496 - stacking.py:101 - stack - Fished fold 1/5, auc=0.9705632
2018-02-05 03:16:07,993 - stacking.py:101 - stack - Fished fold 2/5, auc=0.9705826
2018-02-05 03:43:50,913 - stacking.py:101 - stack - Fished fold 3/5, auc=0.9700679
2018-02-05 03:51:16,780 - stacking.py:101 - stack - Fished fold 4/5, auc=0.9690828
2018-02-05 03:58:43,097 - stacking.py:101 - stack - Fished fold 5/5, auc=0.9701635
2018-02-05 03:58:43,255 - stacking.py:89 - stack - Training model 4/12, pass 23158.9034519s.
2018-02-05 04:04:54,514 - stacking.py:101 - stack - Fished fold 1/5, auc=0.9701794
2018-02-05 04:11:13,824 - stacking.py:101 - stack - Fished fold 2/5, auc=0.9713338
2018-02-05 04:17:07,528 - stacking.py:101 - stack - Fished fold 3/5, auc=0.9701262
2018-02-05 04:23:35,334 - stacking.py:101 - stack - Fished fold 4/5, auc=0.9691058
2018-02-05 04:30:40,836 - stacking.py:101 - stack - Fished fold 5/5, auc=0.9699594
2018-02-05 04:30:40,996 - stacking.py:89 - stack - Training model 5/12, pass 25076.6446819s.
2018-02-05 04:31:24,281 - stacking.py:101 - stack - Fished fold 1/5, auc=0.970368305626
2018-02-05 04:32:01,961 - stacking.py:101 - stack - Fished fold 2/5, auc=0.971275400155
2018-02-05 04:32:39,613 - stacking.py:101 - stack - Fished fold 3/5, auc=0.96986475252
2018-02-05 04:33:14,153 - stacking.py:101 - stack - Fished fold 4/5, auc=0.969103447613
2018-02-05 04:33:48,834 - stacking.py:101 - stack - Fished fold 5/5, auc=0.970281014666
2018-02-05 04:33:48,980 - stacking.py:89 - stack - Training model 6/12, pass 25264.6287711s.
2018-02-05 04:34:41,374 - stacking.py:101 - stack - Fished fold 1/5, auc=0.971134577444
2018-02-05 04:35:13,604 - stacking.py:101 - stack - Fished fold 2/5, auc=0.970909992466
2018-02-05 04:35:55,505 - stacking.py:101 - stack - Fished fold 3/5, auc=0.970244509028
2018-02-05 04:36:34,357 - stacking.py:101 - stack - Fished fold 4/5, auc=0.968647959439
2018-02-05 04:37:14,458 - stacking.py:101 - stack - Fished fold 5/5, auc=0.970450746349
2018-02-05 04:37:14,612 - stacking.py:89 - stack - Training model 7/12, pass 25470.260078s.
2018-02-05 04:38:00,865 - stacking.py:101 - stack - Fished fold 1/5, auc=0.970107362754
2018-02-05 04:38:37,580 - stacking.py:101 - stack - Fished fold 2/5, auc=0.971061984145
2018-02-05 04:39:26,360 - stacking.py:101 - stack - Fished fold 3/5, auc=0.969741276938
2018-02-05 04:40:03,816 - stacking.py:101 - stack - Fished fold 4/5, auc=0.969527696646
2018-02-05 04:40:54,833 - stacking.py:101 - stack - Fished fold 5/5, auc=0.970021840456
2018-02-05 04:40:55,014 - stacking.py:89 - stack - Training model 8/12, pass 25690.662631s.
2018-02-05 04:41:43,619 - stacking.py:101 - stack - Fished fold 1/5, auc=0.970727943654
2018-02-05 04:42:31,252 - stacking.py:101 - stack - Fished fold 2/5, auc=0.970919690221
2018-02-05 04:43:19,634 - stacking.py:101 - stack - Fished fold 3/5, auc=0.970040138607
2018-02-05 04:44:00,059 - stacking.py:101 - stack - Fished fold 4/5, auc=0.969298157384
2018-02-05 04:44:48,671 - stacking.py:101 - stack - Fished fold 5/5, auc=0.97058599025
2018-02-05 04:44:48,834 - stacking.py:89 - stack - Training model 9/12, pass 25924.482548s.
2018-02-05 04:54:28,974 - stacking.py:101 - stack - Fished fold 1/5, auc=0.96864137274
2018-02-05 05:03:17,939 - stacking.py:101 - stack - Fished fold 2/5, auc=0.969525844524
2018-02-05 05:12:29,619 - stacking.py:101 - stack - Fished fold 3/5, auc=0.968293786811
2018-02-05 05:22:09,681 - stacking.py:101 - stack - Fished fold 4/5, auc=0.967167144206
2018-02-05 05:31:05,424 - stacking.py:101 - stack - Fished fold 5/5, auc=0.967928203791
2018-02-05 05:31:05,865 - stacking.py:89 - stack - Training model 10/12, pass 28701.5134909s.
2018-02-05 05:42:57,178 - stacking.py:101 - stack - Fished fold 1/5, auc=0.968443865653
2018-02-05 05:55:10,360 - stacking.py:101 - stack - Fished fold 2/5, auc=0.969069065427
2018-02-05 06:07:03,194 - stacking.py:101 - stack - Fished fold 3/5, auc=0.967240793988
2018-02-05 06:19:14,051 - stacking.py:101 - stack - Fished fold 4/5, auc=0.966844022713
2018-02-05 06:30:34,190 - stacking.py:101 - stack - Fished fold 5/5, auc=0.968682604673
2018-02-05 06:30:34,607 - stacking.py:89 - stack - Training model 11/12, pass 32270.255502s.
2018-02-05 06:46:33,206 - stacking.py:101 - stack - Fished fold 1/5, auc=0.969126565536
2018-02-05 07:02:12,036 - stacking.py:101 - stack - Fished fold 2/5, auc=0.969404320477
2018-02-05 07:18:36,031 - stacking.py:101 - stack - Fished fold 3/5, auc=0.967696594417
2018-02-05 07:34:44,973 - stacking.py:101 - stack - Fished fold 4/5, auc=0.966508867706
2018-02-05 07:50:45,647 - stacking.py:101 - stack - Fished fold 5/5, auc=0.96873327363
2018-02-05 07:50:46,066 - stacking.py:89 - stack - Training model 12/12, pass 37081.714788s.
2018-02-05 08:17:20,465 - stacking.py:101 - stack - Fished fold 1/5, auc=0.96784445103
2018-02-05 08:41:43,471 - stacking.py:101 - stack - Fished fold 2/5, auc=0.969051859244
2018-02-05 09:07:32,753 - stacking.py:101 - stack - Fished fold 3/5, auc=0.968313374022
2018-02-05 09:31:47,624 - stacking.py:101 - stack - Fished fold 4/5, auc=0.96674819939
2018-02-05 09:57:32,450 - stacking.py:101 - stack - Fished fold 5/5, auc=0.968050180522
2018-02-05 09:57:32,891 - stacking.py:118 - stack - X_train_stack.shape=(40307, 12), X_test_stack.shape=(10076, 12)
2018-02-05 09:57:32,941 - stacking.py:123 - stack - Finished stacking, saved the features to features/stack_feat.npz
2018-02-05 09:58:09,371 - stacking.py:204 - stack - Final fit: param_grids is: {'C': [0.0001, 0.10110909090909091, 0.20211818181818181, 0.30312727272727269, 0.40413636363636363, 0.50514545454545456, 0.60615454545454539, 0.70716363636363633, 0.80817272727272726, 0.9091818181818182, 1.0101909090909091, 1.1112, 1.2122090909090908, 1.3132181818181818, 1.4142272727272727, 1.5152363636363637, 1.6162454545454545, 1.7172545454545454, 1.8182636363636364, 1.9192727272727272, 2.0202818181818185, 2.1212909090909093, 2.2223000000000002, 2.323309090909091, 2.4243181818181818, 2.5253272727272731, 2.6263363636363639, 2.7273454545454547, 2.8283545454545456, 2.9293636363636364, 3.0303727272727277, 3.1313818181818185, 3.2323909090909093, 3.3334000000000001, 3.434409090909091, 3.5354181818181822, 3.6364272727272731, 3.7374363636363639, 3.8384454545454547, 3.9394545454545455, 4.0404636363636364, 4.1414727272727268, 4.242481818181818, 4.3434909090909093, 4.4444999999999997, 4.5455090909090909, 4.6465181818181813, 4.7475272727272726, 4.848536363636363, 4.9495454545454542, 5.0505545454545455, 5.1515636363636359, 5.2525727272727272, 5.3535818181818176, 5.4545909090909088, 5.5556000000000001, 5.6566090909090905, 5.7576181818181817, 5.8586272727272721, 5.9596363636363634, 6.0606454545454547, 6.1616545454545451, 6.2626636363636363, 6.3636727272727267, 6.464681818181818, 6.5656909090909092, 6.6666999999999996, 6.7677090909090909, 6.8687181818181813, 6.9697272727272725, 7.0707363636363638, 7.1717454545454542, 7.2727545454545455, 7.3737636363636359, 7.4747727272727271, 7.5757818181818184, 7.6767909090909088, 7.7778, 7.8788090909090904, 7.9798181818181817, 8.080827272727273, 8.1818363636363642, 8.2828454545454537, 8.383854545454545, 8.4848636363636363, 8.5858727272727275, 8.6868818181818188, 8.7878909090909083, 8.8888999999999996, 8.9899090909090908, 9.0909181818181821, 9.1919272727272734, 9.2929363636363629, 9.3939454545454542, 9.4949545454545454, 9.5959636363636367, 9.6969727272727262, 9.7979818181818175, 9.8989909090909087, 10.0]};
 best_param is {'C': 0.0001};
 best cv_score is 0.972112559905;
 best_estimator is LogisticRegression(C=0.0001, class_weight=None, dual=False,
          fit_intercept=True, intercept_scaling=1, max_iter=200,
          multi_class='ovr', n_jobs=1, penalty='l2', random_state=None,
          solver='liblinear', tol=0.0001, verbose=0, warm_start=False)
2018-02-05 23:57:19,646 - stacking.py:228 - stack - X_train.shape=(40307, 360), X_test.shape=(10076, 360)
2018-02-05 23:57:19,834 - stacking.py:89 - stack - Training model 1/12, pass 3.09944152832e-06s.
2018-02-06 00:35:38,504 - stacking.py:101 - stack - Fished fold 1/5, auc=0.9697311
2018-02-06 01:07:10,458 - stacking.py:101 - stack - Fished fold 2/5, auc=0.9685921
2018-02-06 01:24:13,503 - stacking.py:101 - stack - Fished fold 3/5, auc=0.9685997
2018-02-06 01:37:24,102 - stacking.py:101 - stack - Fished fold 4/5, auc=0.9703672
2018-02-06 01:46:28,354 - stacking.py:101 - stack - Fished fold 5/5, auc=0.9692087
2018-02-06 01:46:28,515 - stacking.py:89 - stack - Training model 2/12, pass 6548.68129802s.
2018-02-06 01:56:08,829 - stacking.py:101 - stack - Fished fold 1/5, auc=0.9698534
2018-02-06 02:04:05,383 - stacking.py:101 - stack - Fished fold 2/5, auc=0.9690985
2018-02-06 02:13:00,722 - stacking.py:101 - stack - Fished fold 3/5, auc=0.9688982
2018-02-06 02:19:31,053 - stacking.py:101 - stack - Fished fold 4/5, auc=0.9704735
2018-02-06 02:28:29,818 - stacking.py:101 - stack - Fished fold 5/5, auc=0.9691571
2018-02-06 02:28:29,964 - stacking.py:89 - stack - Training model 3/12, pass 9070.13005114s.
2018-02-06 02:35:38,058 - stacking.py:101 - stack - Fished fold 1/5, auc=0.9701998
2018-02-06 02:45:37,592 - stacking.py:101 - stack - Fished fold 2/5, auc=0.9698121
2018-02-06 02:54:00,583 - stacking.py:101 - stack - Fished fold 3/5, auc=0.9694137
2018-02-06 03:02:21,839 - stacking.py:101 - stack - Fished fold 4/5, auc=0.9705179
2018-02-06 03:11:23,968 - stacking.py:101 - stack - Fished fold 5/5, auc=0.9694422
2018-02-06 03:11:24,120 - stacking.py:89 - stack - Training model 4/12, pass 11644.2856369s.
2018-02-06 03:21:40,097 - stacking.py:101 - stack - Fished fold 1/5, auc=0.970034
2018-02-06 03:29:32,366 - stacking.py:101 - stack - Fished fold 2/5, auc=0.9697624
2018-02-06 03:37:08,455 - stacking.py:101 - stack - Fished fold 3/5, auc=0.9689722
2018-02-06 03:46:20,097 - stacking.py:101 - stack - Fished fold 4/5, auc=0.9710314
2018-02-06 03:54:10,747 - stacking.py:101 - stack - Fished fold 5/5, auc=0.9690843
2018-02-06 03:54:10,876 - stacking.py:89 - stack - Training model 5/12, pass 14211.042089s.
2018-02-06 03:54:54,953 - stacking.py:101 - stack - Fished fold 1/5, auc=0.969656624709
2018-02-06 03:55:31,451 - stacking.py:101 - stack - Fished fold 2/5, auc=0.9693254009
2018-02-06 03:56:14,309 - stacking.py:101 - stack - Fished fold 3/5, auc=0.96889434599
2018-02-06 03:56:53,762 - stacking.py:101 - stack - Fished fold 4/5, auc=0.970918591834
2018-02-06 03:57:48,879 - stacking.py:101 - stack - Fished fold 5/5, auc=0.969253806447
2018-02-06 03:57:49,054 - stacking.py:89 - stack - Training model 6/12, pass 14429.2203829s.
2018-02-06 03:58:39,041 - stacking.py:101 - stack - Fished fold 1/5, auc=0.969796894783
2018-02-06 03:59:33,540 - stacking.py:101 - stack - Fished fold 2/5, auc=0.969701666183
2018-02-06 04:00:20,030 - stacking.py:101 - stack - Fished fold 3/5, auc=0.969102672149
2018-02-06 04:01:08,387 - stacking.py:101 - stack - Fished fold 4/5, auc=0.970765683925
2018-02-06 04:02:01,219 - stacking.py:101 - stack - Fished fold 5/5, auc=0.969649062553
2018-02-06 04:02:01,384 - stacking.py:89 - stack - Training model 7/12, pass 14681.5500991s.
2018-02-06 04:02:50,031 - stacking.py:101 - stack - Fished fold 1/5, auc=0.969511916205
2018-02-06 04:03:42,629 - stacking.py:101 - stack - Fished fold 2/5, auc=0.969428439972
2018-02-06 04:04:27,085 - stacking.py:101 - stack - Fished fold 3/5, auc=0.969442242783
2018-02-06 04:05:11,324 - stacking.py:101 - stack - Fished fold 4/5, auc=0.971010767772
2018-02-06 04:06:06,302 - stacking.py:101 - stack - Fished fold 5/5, auc=0.970097446583
2018-02-06 04:06:06,462 - stacking.py:89 - stack - Training model 8/12, pass 14926.6281919s.
2018-02-06 04:06:49,687 - stacking.py:101 - stack - Fished fold 1/5, auc=0.969252066784
2018-02-06 04:07:50,641 - stacking.py:101 - stack - Fished fold 2/5, auc=0.969249997047
2018-02-06 04:08:39,706 - stacking.py:101 - stack - Fished fold 3/5, auc=0.969076282854
2018-02-06 04:09:46,524 - stacking.py:101 - stack - Fished fold 4/5, auc=0.970856552047
2018-02-06 04:10:54,524 - stacking.py:101 - stack - Fished fold 5/5, auc=0.968873302934
2018-02-06 04:10:54,707 - stacking.py:89 - stack - Training model 9/12, pass 15214.8726661s.
2018-02-06 04:20:18,601 - stacking.py:101 - stack - Fished fold 1/5, auc=0.967957179443
2018-02-06 04:29:55,243 - stacking.py:101 - stack - Fished fold 2/5, auc=0.967943969989
2018-02-06 04:39:20,901 - stacking.py:101 - stack - Fished fold 3/5, auc=0.967463952492
2018-02-06 04:49:00,370 - stacking.py:101 - stack - Fished fold 4/5, auc=0.969479278829
2018-02-06 04:58:09,546 - stacking.py:101 - stack - Fished fold 5/5, auc=0.967201441902
2018-02-06 04:58:10,116 - stacking.py:89 - stack - Training model 10/12, pass 18050.2822289s.
2018-02-06 05:10:03,767 - stacking.py:101 - stack - Fished fold 1/5, auc=0.968363814786
2018-02-06 05:23:13,076 - stacking.py:101 - stack - Fished fold 2/5, auc=0.96810333525
2018-02-06 05:35:17,082 - stacking.py:101 - stack - Fished fold 3/5, auc=0.967869516548
2018-02-06 05:47:01,458 - stacking.py:101 - stack - Fished fold 4/5, auc=0.968911065619
2018-02-06 05:59:25,329 - stacking.py:101 - stack - Fished fold 5/5, auc=0.967604736754
2018-02-06 05:59:25,902 - stacking.py:89 - stack - Training model 11/12, pass 21726.0677359s.
2018-02-06 06:16:17,256 - stacking.py:101 - stack - Fished fold 1/5, auc=0.968549691445
2018-02-06 06:33:24,140 - stacking.py:101 - stack - Fished fold 2/5, auc=0.968231845402
2018-02-06 06:49:41,524 - stacking.py:101 - stack - Fished fold 3/5, auc=0.967638125792
2018-02-06 07:06:26,366 - stacking.py:101 - stack - Fished fold 4/5, auc=0.969146769898
2018-02-06 07:24:33,294 - stacking.py:101 - stack - Fished fold 5/5, auc=0.966993536762
2018-02-06 07:24:33,879 - stacking.py:89 - stack - Training model 12/12, pass 26834.0449071s.
2018-02-06 07:53:22,453 - stacking.py:101 - stack - Fished fold 1/5, auc=0.968534200863
2018-02-06 08:23:23,473 - stacking.py:101 - stack - Fished fold 2/5, auc=0.968353651876
2018-02-06 08:49:48,332 - stacking.py:101 - stack - Fished fold 3/5, auc=0.968241924311
2018-02-06 09:15:11,417 - stacking.py:101 - stack - Fished fold 4/5, auc=0.969050060911
2018-02-06 09:44:56,086 - stacking.py:101 - stack - Fished fold 5/5, auc=0.967150453976
2018-02-06 09:44:56,737 - stacking.py:118 - stack - X_train_stack.shape=(40307, 12), X_test_stack.shape=(10076, 12)
2018-02-06 09:44:56,797 - stacking.py:123 - stack - Finished stacking, saved the features to features/stack_feat.npz
2018-02-06 09:45:33,119 - stacking.py:204 - stack - Final fit: param_grids is: {'C': [0.0001, 0.10110909090909091, 0.20211818181818181, 0.30312727272727269, 0.40413636363636363, 0.50514545454545456, 0.60615454545454539, 0.70716363636363633, 0.80817272727272726, 0.9091818181818182, 1.0101909090909091, 1.1112, 1.2122090909090908, 1.3132181818181818, 1.4142272727272727, 1.5152363636363637, 1.6162454545454545, 1.7172545454545454, 1.8182636363636364, 1.9192727272727272, 2.0202818181818185, 2.1212909090909093, 2.2223000000000002, 2.323309090909091, 2.4243181818181818, 2.5253272727272731, 2.6263363636363639, 2.7273454545454547, 2.8283545454545456, 2.9293636363636364, 3.0303727272727277, 3.1313818181818185, 3.2323909090909093, 3.3334000000000001, 3.434409090909091, 3.5354181818181822, 3.6364272727272731, 3.7374363636363639, 3.8384454545454547, 3.9394545454545455, 4.0404636363636364, 4.1414727272727268, 4.242481818181818, 4.3434909090909093, 4.4444999999999997, 4.5455090909090909, 4.6465181818181813, 4.7475272727272726, 4.848536363636363, 4.9495454545454542, 5.0505545454545455, 5.1515636363636359, 5.2525727272727272, 5.3535818181818176, 5.4545909090909088, 5.5556000000000001, 5.6566090909090905, 5.7576181818181817, 5.8586272727272721, 5.9596363636363634, 6.0606454545454547, 6.1616545454545451, 6.2626636363636363, 6.3636727272727267, 6.464681818181818, 6.5656909090909092, 6.6666999999999996, 6.7677090909090909, 6.8687181818181813, 6.9697272727272725, 7.0707363636363638, 7.1717454545454542, 7.2727545454545455, 7.3737636363636359, 7.4747727272727271, 7.5757818181818184, 7.6767909090909088, 7.7778, 7.8788090909090904, 7.9798181818181817, 8.080827272727273, 8.1818363636363642, 8.2828454545454537, 8.383854545454545, 8.4848636363636363, 8.5858727272727275, 8.6868818181818188, 8.7878909090909083, 8.8888999999999996, 8.9899090909090908, 9.0909181818181821, 9.1919272727272734, 9.2929363636363629, 9.3939454545454542, 9.4949545454545454, 9.5959636363636367, 9.6969727272727262, 9.7979818181818175, 9.8989909090909087, 10.0]};
 best_param is {'C': 0.0001};
 best cv_score is 0.972048137464;
 best_estimator is LogisticRegression(C=0.0001, class_weight=None, dual=False,
          fit_intercept=True, intercept_scaling=1, max_iter=200,
          multi_class='ovr', n_jobs=1, penalty='l2', random_state=None,
          solver='liblinear', tol=0.0001, verbose=0, warm_start=False)
2018-02-06 13:39:04,256 - stacking.py:227 - stack - X_train.shape=(40307, 219), X_test.shape=(10076, 219)
2018-02-06 13:39:04,359 - stacking.py:88 - stack - Training model 1/15, pass 1.90734863281e-06s.
2018-02-06 13:45:21,824 - stacking.py:100 - stack - Fished fold 1/5, auc=0.969828
2018-02-06 13:51:47,712 - stacking.py:100 - stack - Fished fold 2/5, auc=0.969506
2018-02-06 14:00:04,890 - stacking.py:100 - stack - Fished fold 3/5, auc=0.969249
2018-02-06 14:07:56,914 - stacking.py:100 - stack - Fished fold 4/5, auc=0.9698786
2018-02-06 14:15:16,347 - stacking.py:100 - stack - Fished fold 5/5, auc=0.9690985
2018-02-06 14:15:16,484 - stacking.py:88 - stack - Training model 2/15, pass 2172.12526798s.
2018-02-06 14:23:32,775 - stacking.py:100 - stack - Fished fold 1/5, auc=0.9704887
2018-02-06 14:30:00,793 - stacking.py:100 - stack - Fished fold 2/5, auc=0.9701134
2018-02-06 14:36:44,843 - stacking.py:100 - stack - Fished fold 3/5, auc=0.9698436
2018-02-06 14:44:40,754 - stacking.py:100 - stack - Fished fold 4/5, auc=0.9701867
2018-02-06 14:51:17,948 - stacking.py:100 - stack - Fished fold 5/5, auc=0.9692934
2018-02-06 14:51:18,078 - stacking.py:88 - stack - Training model 3/15, pass 4333.71926594s.
2018-02-06 14:57:23,123 - stacking.py:100 - stack - Fished fold 1/5, auc=0.970388
2018-02-06 15:04:55,593 - stacking.py:100 - stack - Fished fold 2/5, auc=0.9705188
2018-02-06 15:10:53,663 - stacking.py:100 - stack - Fished fold 3/5, auc=0.9696582
2018-02-06 15:18:42,886 - stacking.py:100 - stack - Fished fold 4/5, auc=0.9704945
2018-02-06 15:26:07,722 - stacking.py:100 - stack - Fished fold 5/5, auc=0.9695401
2018-02-06 15:26:07,861 - stacking.py:88 - stack - Training model 4/15, pass 6423.50216794s.
2018-02-06 15:32:23,287 - stacking.py:100 - stack - Fished fold 1/5, auc=0.9700884
2018-02-06 15:40:01,816 - stacking.py:100 - stack - Fished fold 2/5, auc=0.969623
2018-02-06 15:46:28,497 - stacking.py:100 - stack - Fished fold 3/5, auc=0.9698944
2018-02-06 15:52:35,469 - stacking.py:100 - stack - Fished fold 4/5, auc=0.9698641
2018-02-06 16:00:03,540 - stacking.py:100 - stack - Fished fold 5/5, auc=0.9697358
2018-02-06 16:00:03,684 - stacking.py:88 - stack - Training model 5/15, pass 8459.32539296s.
2018-02-06 16:06:03,677 - stacking.py:100 - stack - Fished fold 1/5, auc=0.9700382
2018-02-06 16:11:54,876 - stacking.py:100 - stack - Fished fold 2/5, auc=0.9700821
2018-02-06 16:19:15,921 - stacking.py:100 - stack - Fished fold 3/5, auc=0.9695557
2018-02-06 16:27:42,832 - stacking.py:100 - stack - Fished fold 4/5, auc=0.9702394
2018-02-06 16:35:15,087 - stacking.py:100 - stack - Fished fold 5/5, auc=0.9695006
2018-02-06 16:35:15,234 - stacking.py:88 - stack - Training model 6/15, pass 10570.8756008s.
2018-02-06 16:35:43,584 - stacking.py:100 - stack - Fished fold 1/5, auc=0.969918266666
2018-02-06 16:36:14,649 - stacking.py:100 - stack - Fished fold 2/5, auc=0.97001206018
2018-02-06 16:36:43,780 - stacking.py:100 - stack - Fished fold 3/5, auc=0.969504091832
2018-02-06 16:37:16,535 - stacking.py:100 - stack - Fished fold 4/5, auc=0.969964193582
2018-02-06 16:37:47,372 - stacking.py:100 - stack - Fished fold 5/5, auc=0.969635578123
2018-02-06 16:37:47,509 - stacking.py:88 - stack - Training model 7/15, pass 10723.1500349s.
2018-02-06 16:38:25,680 - stacking.py:100 - stack - Fished fold 1/5, auc=0.970754600709
2018-02-06 16:38:55,653 - stacking.py:100 - stack - Fished fold 2/5, auc=0.970171131588
2018-02-06 16:39:35,725 - stacking.py:100 - stack - Fished fold 3/5, auc=0.969536262764
2018-02-06 16:40:07,640 - stacking.py:100 - stack - Fished fold 4/5, auc=0.969986579792
2018-02-06 16:40:45,295 - stacking.py:100 - stack - Fished fold 5/5, auc=0.96947852767
2018-02-06 16:40:45,446 - stacking.py:88 - stack - Training model 8/15, pass 10901.0878558s.
2018-02-06 16:41:27,290 - stacking.py:100 - stack - Fished fold 1/5, auc=0.970490840348
2018-02-06 16:42:02,212 - stacking.py:100 - stack - Fished fold 2/5, auc=0.969758788919
2018-02-06 16:42:44,990 - stacking.py:100 - stack - Fished fold 3/5, auc=0.969470208525
2018-02-06 16:43:19,066 - stacking.py:100 - stack - Fished fold 4/5, auc=0.969779891158
2018-02-06 16:43:50,124 - stacking.py:100 - stack - Fished fold 5/5, auc=0.969102878119
2018-02-06 16:43:50,246 - stacking.py:88 - stack - Training model 9/15, pass 11085.887867s.
2018-02-06 16:44:34,233 - stacking.py:100 - stack - Fished fold 1/5, auc=0.970285558558
2018-02-06 16:45:12,515 - stacking.py:100 - stack - Fished fold 2/5, auc=0.969350428155
2018-02-06 16:45:52,892 - stacking.py:100 - stack - Fished fold 3/5, auc=0.968607054457
2018-02-06 16:46:28,534 - stacking.py:100 - stack - Fished fold 4/5, auc=0.970150255925
2018-02-06 16:47:10,584 - stacking.py:100 - stack - Fished fold 5/5, auc=0.96908285436
2018-02-06 16:47:10,737 - stacking.py:88 - stack - Training model 10/15, pass 11286.3784969s.
2018-02-06 16:47:46,158 - stacking.py:100 - stack - Fished fold 1/5, auc=0.969640129722
2018-02-06 16:48:27,674 - stacking.py:100 - stack - Fished fold 2/5, auc=0.969806082783
2018-02-06 16:49:05,715 - stacking.py:100 - stack - Fished fold 3/5, auc=0.969099441477
2018-02-06 16:49:56,167 - stacking.py:100 - stack - Fished fold 4/5, auc=0.969741741125
2018-02-06 16:50:35,738 - stacking.py:100 - stack - Fished fold 5/5, auc=0.968693377667
2018-02-06 16:50:35,878 - stacking.py:88 - stack - Training model 11/15, pass 11491.519248s.
2018-02-06 16:57:19,305 - stacking.py:100 - stack - Fished fold 1/5, auc=0.969051378211
2018-02-06 17:03:50,611 - stacking.py:100 - stack - Fished fold 2/5, auc=0.96824264513
2018-02-06 17:10:02,821 - stacking.py:100 - stack - Fished fold 3/5, auc=0.967444258241
2018-02-06 17:16:29,296 - stacking.py:100 - stack - Fished fold 4/5, auc=0.967921703162
2018-02-06 17:23:08,322 - stacking.py:100 - stack - Fished fold 5/5, auc=0.967706809782
2018-02-06 17:23:08,708 - stacking.py:88 - stack - Training model 12/15, pass 13444.3492949s.
2018-02-06 17:31:42,128 - stacking.py:100 - stack - Fished fold 1/5, auc=0.969206864437
2018-02-06 17:40:05,511 - stacking.py:100 - stack - Fished fold 2/5, auc=0.968667616037
2018-02-06 17:48:40,904 - stacking.py:100 - stack - Fished fold 3/5, auc=0.968396008211
2018-02-06 17:57:26,018 - stacking.py:100 - stack - Fished fold 4/5, auc=0.967902077277
2018-02-06 18:05:41,671 - stacking.py:100 - stack - Fished fold 5/5, auc=0.968179867391
2018-02-06 18:05:42,048 - stacking.py:88 - stack - Training model 13/15, pass 15997.6891668s.
2018-02-06 18:17:18,823 - stacking.py:100 - stack - Fished fold 1/5, auc=0.968978589729
2018-02-06 18:28:47,603 - stacking.py:100 - stack - Fished fold 2/5, auc=0.968419463383
2018-02-06 18:40:37,720 - stacking.py:100 - stack - Fished fold 3/5, auc=0.96748316251
2018-02-06 18:52:11,178 - stacking.py:100 - stack - Fished fold 4/5, auc=0.96718595818
2018-02-06 19:03:45,208 - stacking.py:100 - stack - Fished fold 5/5, auc=0.967463598167
2018-02-06 19:03:45,588 - stacking.py:88 - stack - Training model 14/15, pass 19481.2289209s.
2018-02-06 19:22:15,682 - stacking.py:100 - stack - Fished fold 1/5, auc=0.969369333224
2018-02-06 19:39:54,116 - stacking.py:100 - stack - Fished fold 2/5, auc=0.968778327126
2018-02-06 19:57:21,863 - stacking.py:100 - stack - Fished fold 3/5, auc=0.967651531543
2018-02-06 20:14:54,853 - stacking.py:100 - stack - Fished fold 4/5, auc=0.96762667691
2018-02-06 20:34:10,353 - stacking.py:100 - stack - Fished fold 5/5, auc=0.967637847342
2018-02-06 20:34:10,818 - stacking.py:88 - stack - Training model 15/15, pass 24906.4596989s.
2018-02-06 21:06:57,167 - stacking.py:100 - stack - Fished fold 1/5, auc=0.968885644898
2018-02-06 21:40:37,174 - stacking.py:100 - stack - Fished fold 2/5, auc=0.967687120881
2018-02-06 22:10:54,456 - stacking.py:100 - stack - Fished fold 3/5, auc=0.967119902718
2018-02-06 22:47:53,677 - stacking.py:100 - stack - Fished fold 4/5, auc=0.967946539021
2018-02-06 23:23:57,177 - stacking.py:100 - stack - Fished fold 5/5, auc=0.967697856964
2018-02-06 23:23:57,698 - stacking.py:117 - stack - X_train_stack.shape=(40307, 15), X_test_stack.shape=(10076, 15)
2018-02-06 23:23:57,754 - stacking.py:122 - stack - Finished stacking, saved the features to features/stack_feat_0206-232357.npz
2018-02-06 23:24:37,410 - stacking.py:203 - stack - Final fit: param_grids is: {'C': [0.0001, 0.10110909090909091, 0.20211818181818181, 0.30312727272727269, 0.40413636363636363, 0.50514545454545456, 0.60615454545454539, 0.70716363636363633, 0.80817272727272726, 0.9091818181818182, 1.0101909090909091, 1.1112, 1.2122090909090908, 1.3132181818181818, 1.4142272727272727, 1.5152363636363637, 1.6162454545454545, 1.7172545454545454, 1.8182636363636364, 1.9192727272727272, 2.0202818181818185, 2.1212909090909093, 2.2223000000000002, 2.323309090909091, 2.4243181818181818, 2.5253272727272731, 2.6263363636363639, 2.7273454545454547, 2.8283545454545456, 2.9293636363636364, 3.0303727272727277, 3.1313818181818185, 3.2323909090909093, 3.3334000000000001, 3.434409090909091, 3.5354181818181822, 3.6364272727272731, 3.7374363636363639, 3.8384454545454547, 3.9394545454545455, 4.0404636363636364, 4.1414727272727268, 4.242481818181818, 4.3434909090909093, 4.4444999999999997, 4.5455090909090909, 4.6465181818181813, 4.7475272727272726, 4.848536363636363, 4.9495454545454542, 5.0505545454545455, 5.1515636363636359, 5.2525727272727272, 5.3535818181818176, 5.4545909090909088, 5.5556000000000001, 5.6566090909090905, 5.7576181818181817, 5.8586272727272721, 5.9596363636363634, 6.0606454545454547, 6.1616545454545451, 6.2626636363636363, 6.3636727272727267, 6.464681818181818, 6.5656909090909092, 6.6666999999999996, 6.7677090909090909, 6.8687181818181813, 6.9697272727272725, 7.0707363636363638, 7.1717454545454542, 7.2727545454545455, 7.3737636363636359, 7.4747727272727271, 7.5757818181818184, 7.6767909090909088, 7.7778, 7.8788090909090904, 7.9798181818181817, 8.080827272727273, 8.1818363636363642, 8.2828454545454537, 8.383854545454545, 8.4848636363636363, 8.5858727272727275, 8.6868818181818188, 8.7878909090909083, 8.8888999999999996, 8.9899090909090908, 9.0909181818181821, 9.1919272727272734, 9.2929363636363629, 9.3939454545454542, 9.4949545454545454, 9.5959636363636367, 9.6969727272727262, 9.7979818181818175, 9.8989909090909087, 10.0]};
 best_param is {'C': 0.0001};
 best cv_score is 0.971754814805;
 best_estimator is LogisticRegression(C=0.0001, class_weight=None, dual=False,
          fit_intercept=True, intercept_scaling=1, max_iter=200,
          multi_class='ovr', n_jobs=1, penalty='l2', random_state=None,
          solver='liblinear', tol=0.0001, verbose=0, warm_start=False)
2018-02-07 18:54:28,894 - stacking.py:230 - stack - X_train.shape=(40307, 251), X_test.shape=(10076, 251)
2018-02-07 18:54:29,022 - stacking.py:91 - stack - Training model 1/10, pass 3.09944152832e-06s.
2018-02-07 18:55:33,237 - stacking.py:103 - stack - Fished fold 1/5, auc=0.970681281275
2018-02-07 18:56:29,707 - stacking.py:103 - stack - Fished fold 2/5, auc=0.970442302768
2018-02-07 18:57:42,622 - stacking.py:103 - stack - Fished fold 3/5, auc=0.969863112839
2018-02-07 18:58:25,402 - stacking.py:103 - stack - Fished fold 4/5, auc=0.969427199037
2018-02-07 18:59:23,992 - stacking.py:103 - stack - Fished fold 5/5, auc=0.968853227748
2018-02-07 18:59:24,237 - stacking.py:91 - stack - Training model 2/10, pass 295.214339018s.
2018-02-07 19:00:37,257 - stacking.py:103 - stack - Fished fold 1/5, auc=0.970721428028
2018-02-07 19:01:49,500 - stacking.py:103 - stack - Fished fold 2/5, auc=0.970906436304
2018-02-07 19:03:00,134 - stacking.py:103 - stack - Fished fold 3/5, auc=0.970651683992
2018-02-07 19:04:09,032 - stacking.py:103 - stack - Fished fold 4/5, auc=0.970585183546
2018-02-07 19:04:57,499 - stacking.py:103 - stack - Fished fold 5/5, auc=0.968959839746
2018-02-07 19:04:57,691 - stacking.py:91 - stack - Training model 3/10, pass 628.669114113s.
2018-02-07 19:05:57,325 - stacking.py:103 - stack - Fished fold 1/5, auc=0.970526915318
2018-02-07 19:06:53,200 - stacking.py:103 - stack - Fished fold 2/5, auc=0.970902501366
2018-02-07 19:08:23,209 - stacking.py:103 - stack - Fished fold 3/5, auc=0.970326635768
2018-02-07 19:09:21,806 - stacking.py:103 - stack - Fished fold 4/5, auc=0.969702130093
2018-02-07 19:10:27,948 - stacking.py:103 - stack - Fished fold 5/5, auc=0.969298151056
2018-02-07 19:10:28,194 - stacking.py:91 - stack - Training model 4/10, pass 959.171462059s.
2018-02-07 19:11:23,863 - stacking.py:103 - stack - Fished fold 1/5, auc=0.970586644609
2018-02-07 19:12:27,839 - stacking.py:103 - stack - Fished fold 2/5, auc=0.970865138966
2018-02-07 19:13:35,328 - stacking.py:103 - stack - Fished fold 3/5, auc=0.97010100171
2018-02-07 19:14:38,284 - stacking.py:103 - stack - Fished fold 4/5, auc=0.970201367819
2018-02-07 19:15:46,513 - stacking.py:103 - stack - Fished fold 5/5, auc=0.96953410209
2018-02-07 19:15:46,780 - stacking.py:91 - stack - Training model 5/10, pass 1277.75773001s.
2018-02-07 19:17:04,053 - stacking.py:103 - stack - Fished fold 1/5, auc=0.970423452553
2018-02-07 19:18:11,756 - stacking.py:103 - stack - Fished fold 2/5, auc=0.97053426811
2018-02-07 19:19:28,342 - stacking.py:103 - stack - Fished fold 3/5, auc=0.970350345269
2018-02-07 19:20:45,506 - stacking.py:103 - stack - Fished fold 4/5, auc=0.969706241789
2018-02-07 19:21:57,748 - stacking.py:103 - stack - Fished fold 5/5, auc=0.969682238409
2018-02-07 19:21:58,021 - stacking.py:91 - stack - Training model 6/10, pass 1648.99837804s.
2018-02-07 19:23:01,817 - stacking.py:103 - stack - Fished fold 1/5, auc=0.970081073131
2018-02-07 19:24:25,188 - stacking.py:103 - stack - Fished fold 2/5, auc=0.970915271177
2018-02-07 19:25:22,334 - stacking.py:103 - stack - Fished fold 3/5, auc=0.969768464373
2018-02-07 19:26:38,625 - stacking.py:103 - stack - Fished fold 4/5, auc=0.970255709649
2018-02-07 19:27:54,225 - stacking.py:103 - stack - Fished fold 5/5, auc=0.969289909258
2018-02-07 19:27:54,507 - stacking.py:91 - stack - Training model 7/10, pass 2005.48432493s.
2018-02-07 19:29:10,247 - stacking.py:103 - stack - Fished fold 1/5, auc=0.97061919879
2018-02-07 19:30:22,202 - stacking.py:103 - stack - Fished fold 2/5, auc=0.970703570647
2018-02-07 19:31:53,631 - stacking.py:103 - stack - Fished fold 3/5, auc=0.969854545751
2018-02-07 19:33:18,915 - stacking.py:103 - stack - Fished fold 4/5, auc=0.970003977485
2018-02-07 19:34:45,533 - stacking.py:103 - stack - Fished fold 5/5, auc=0.969236053706
2018-02-07 19:34:45,839 - stacking.py:91 - stack - Training model 8/10, pass 2416.81699491s.
2018-02-07 19:47:05,931 - stacking.py:103 - stack - Fished fold 1/5, auc=0.9705444
2018-02-07 19:58:13,477 - stacking.py:103 - stack - Fished fold 2/5, auc=0.9707946
2018-02-07 20:11:48,112 - stacking.py:103 - stack - Fished fold 3/5, auc=0.9702391
2018-02-07 20:21:45,851 - stacking.py:103 - stack - Fished fold 4/5, auc=0.9695187
2018-02-07 20:33:15,518 - stacking.py:103 - stack - Fished fold 5/5, auc=0.9691765
2018-02-07 20:33:15,820 - stacking.py:91 - stack - Training model 9/10, pass 5926.79803896s.
2018-02-07 20:45:44,672 - stacking.py:103 - stack - Fished fold 1/5, auc=0.9709873
2018-02-07 20:58:42,257 - stacking.py:103 - stack - Fished fold 2/5, auc=0.9709569
2018-02-07 21:08:23,058 - stacking.py:103 - stack - Fished fold 3/5, auc=0.9697507
2018-02-07 21:19:51,996 - stacking.py:103 - stack - Fished fold 4/5, auc=0.9703283
2018-02-07 21:30:32,112 - stacking.py:103 - stack - Fished fold 5/5, auc=0.9695077
2018-02-07 21:30:32,392 - stacking.py:91 - stack - Training model 10/10, pass 9363.36999106s.
2018-02-07 21:42:38,998 - stacking.py:103 - stack - Fished fold 1/5, auc=0.968388430581
2018-02-07 21:54:52,147 - stacking.py:103 - stack - Fished fold 2/5, auc=0.969028240808
2018-02-07 22:07:12,346 - stacking.py:103 - stack - Fished fold 3/5, auc=0.968422155717
2018-02-07 22:19:10,951 - stacking.py:103 - stack - Fished fold 4/5, auc=0.96739234664
2018-02-07 22:31:09,948 - stacking.py:103 - stack - Fished fold 5/5, auc=0.967289372788
2018-02-07 22:31:10,378 - stacking.py:120 - stack - X_train_stack.shape=(40307, 10), X_test_stack.shape=(10076, 10)
2018-02-07 22:31:10,451 - stacking.py:125 - stack - Finished stacking, saved the features to features/stack_feat_0207-223110.npz
2018-02-07 22:32:05,031 - stacking.py:206 - stack - Final fit: param_grids is: {'C': [0.0001, 0.10110909090909091, 0.20211818181818181, 0.30312727272727269, 0.40413636363636363, 0.50514545454545456, 0.60615454545454539, 0.70716363636363633, 0.80817272727272726, 0.9091818181818182, 1.0101909090909091, 1.1112, 1.2122090909090908, 1.3132181818181818, 1.4142272727272727, 1.5152363636363637, 1.6162454545454545, 1.7172545454545454, 1.8182636363636364, 1.9192727272727272, 2.0202818181818185, 2.1212909090909093, 2.2223000000000002, 2.323309090909091, 2.4243181818181818, 2.5253272727272731, 2.6263363636363639, 2.7273454545454547, 2.8283545454545456, 2.9293636363636364, 3.0303727272727277, 3.1313818181818185, 3.2323909090909093, 3.3334000000000001, 3.434409090909091, 3.5354181818181822, 3.6364272727272731, 3.7374363636363639, 3.8384454545454547, 3.9394545454545455, 4.0404636363636364, 4.1414727272727268, 4.242481818181818, 4.3434909090909093, 4.4444999999999997, 4.5455090909090909, 4.6465181818181813, 4.7475272727272726, 4.848536363636363, 4.9495454545454542, 5.0505545454545455, 5.1515636363636359, 5.2525727272727272, 5.3535818181818176, 5.4545909090909088, 5.5556000000000001, 5.6566090909090905, 5.7576181818181817, 5.8586272727272721, 5.9596363636363634, 6.0606454545454547, 6.1616545454545451, 6.2626636363636363, 6.3636727272727267, 6.464681818181818, 6.5656909090909092, 6.6666999999999996, 6.7677090909090909, 6.8687181818181813, 6.9697272727272725, 7.0707363636363638, 7.1717454545454542, 7.2727545454545455, 7.3737636363636359, 7.4747727272727271, 7.5757818181818184, 7.6767909090909088, 7.7778, 7.8788090909090904, 7.9798181818181817, 8.080827272727273, 8.1818363636363642, 8.2828454545454537, 8.383854545454545, 8.4848636363636363, 8.5858727272727275, 8.6868818181818188, 8.7878909090909083, 8.8888999999999996, 8.9899090909090908, 9.0909181818181821, 9.1919272727272734, 9.2929363636363629, 9.3939454545454542, 9.4949545454545454, 9.5959636363636367, 9.6969727272727262, 9.7979818181818175, 9.8989909090909087, 10.0]};
 best_param is {'C': 0.0001};
 best cv_score is 0.97199833864;
 best_estimator is LogisticRegression(C=0.0001, class_weight=None, dual=False,
          fit_intercept=True, intercept_scaling=1, max_iter=200,
          multi_class='ovr', n_jobs=1, penalty='l2', random_state=None,
          solver='liblinear', tol=0.0001, verbose=0, warm_start=False)
